[09Dec2024 00:00:25.886] [Server thread/INFO] [cuffed/]: TRECETRECETRECE is interacting!
[09Dec2024 00:00:34.372] [Server thread/WARN] [net.minecraft.server.network.ServerGamePacketListenerImpl/]: ezekillah moved too quickly! -10.575203970065218,0.0,-0.40690691305564997
[09Dec2024 00:01:10.950] [Server thread/INFO] [net.minecraft.server.MinecraftServer/]: [TRECETRECETRECE: Set own game mode to Survival Mode]
[09Dec2024 00:01:28.766] [Server thread/INFO] [net.minecraft.server.MinecraftServer/]: [Not Secure] <BlackSirius9304> tp
[09Dec2024 00:01:30.690] [Server thread/INFO] [net.minecraft.server.MinecraftServer/]: [Not Secure] <BlackSirius9304> tp
[09Dec2024 00:01:38.838] [Server thread/INFO] [net.minecraft.server.MinecraftServer/]: GralMarcosPerez was slain by TRECETRECETRECE
[09Dec2024 00:01:41.163] [Server thread/INFO] [net.minecraft.server.MinecraftServer/]: [TRECETRECETRECE: Teleported GralMarcosPerez to TRECETRECETRECE]
[09Dec2024 00:01:45.201] [Server thread/INFO] [cuffed/]: TRECETRECETRECE is interacting!
[09Dec2024 00:02:00.316] [Server thread/INFO] [net.minecraft.server.MinecraftServer/]: [TRECETRECETRECE: Made BlackSirius9304 a server operator]
[09Dec2024 00:02:04.146] [Server thread/INFO] [net.minecraft.server.MinecraftServer/]: BlackSirius9304 has made the advancement ['X' Marks the Spot]
[09Dec2024 00:02:23.189] [Server thread/INFO] [cuffed/]: BlackSirius9304 is interacting!
[09Dec2024 00:02:36.140] [Server thread/INFO] [cuffed/]: BlackSirius9304 is interacting!
[09Dec2024 00:02:36.940] [Server thread/INFO] [cuffed/]: BlackSirius9304 is interacting!
[09Dec2024 00:02:37.987] [Server thread/INFO] [net.minecraft.server.MinecraftServer/]: BlackSirius9304 has made the advancement [Acquire Hardware]
[09Dec2024 00:02:39.889] [Server thread/INFO] [cuffed/]: BlackSirius9304 is interacting!
[09Dec2024 00:02:48.691] [Server thread/INFO] [cuffed/]: ezekillah is interacting!
[09Dec2024 00:02:56.109] [Server thread/INFO] [cuffed/]: GralMarcosPerez is interacting!
[09Dec2024 00:02:57.334] [Server thread/INFO] [cuffed/]: ezekillah is interacting!
[09Dec2024 00:03:50.991] [Server thread/INFO] [net.minecraft.server.MinecraftServer/]: [Not Secure] <GralMarcosPerez> afk 5 min
[09Dec2024 00:03:55.151] [Server thread/INFO] [cuffed/]: TRECETRECETRECE is interacting!
[09Dec2024 00:04:01.119] [Server thread/INFO] [net.minecraft.server.MinecraftServer/]: [BlackSirius9304: Teleported BlackSirius9304 to ezekillah]
[09Dec2024 00:04:12.301] [Server thread/INFO] [net.minecraft.server.MinecraftServer/]: [BlackSirius9304: Set own game mode to Creative Mode]
[09Dec2024 00:04:17.788] [Server thread/INFO] [net.minecraft.server.MinecraftServer/]: [TRECETRECETRECE: Set own game mode to Creative Mode]
[09Dec2024 00:05:14.051] [Server thread/INFO] [cuffed/]: BlackSirius9304 is interacting!
[09Dec2024 00:05:15.787] [Server thread/INFO] [cuffed/]: BlackSirius9304 is interacting!
[09Dec2024 00:05:20.500] [Server thread/INFO] [net.minecraft.server.MinecraftServer/]: [ezekillah: Set own game mode to Survival Mode]
[09Dec2024 00:05:29.489] [Server thread/INFO] [cuffed/]: BlackSirius9304 is interacting!
[09Dec2024 00:07:08.006] [Server thread/INFO] [com.teampotato.redirector.Redirector/]: Redirecting net/mehvahdjukaar/moonlight/api/entity/ImprovedProjectileEntity$ColliderType
[09Dec2024 00:07:55.392] [Server thread/INFO] [net.minecraft.server.MinecraftServer/]: BlackSirius9304 has made the advancement [Amateur Archaeologist]
[09Dec2024 00:08:22.990] [Server thread/INFO] [net.minecraft.server.MinecraftServer/]: TRECETRECETRECE has made the advancement [Sweet Dreams]
[09Dec2024 00:09:06.629] [Server thread/INFO] [cuffed/]: BlackSirius9304 is interacting!
[09Dec2024 00:09:14.784] [Server thread/INFO] [cuffed/]: BlackSirius9304 is interacting!
[09Dec2024 00:09:24.083] [Server thread/INFO] [cuffed/]: BlackSirius9304 is interacting!
[09Dec2024 00:09:27.695] [Server thread/INFO] [net.minecraft.server.MinecraftServer/]: [TRECETRECETRECE: Gamerule playersSleepingPercentage is now set to: -1]
[09Dec2024 00:10:15.734] [Server thread/INFO] [cuffed/]: GralMarcosPerez is interacting!
[09Dec2024 00:10:16.281] [Server thread/INFO] [cuffed/]: GralMarcosPerez is interacting!
[09Dec2024 00:10:35.219] [Server thread/INFO] [cuffed/]: GralMarcosPerez is interacting!
[09Dec2024 00:10:35.431] [Server thread/INFO] [cuffed/]: GralMarcosPerez is interacting!
[09Dec2024 00:10:35.658] [Server thread/INFO] [cuffed/]: GralMarcosPerez is interacting!
[09Dec2024 00:10:41.239] [Server thread/INFO] [net.minecraft.server.players.PlayerList/]: _GROZNY_[/127.232.202.116:59985] logged in with entity id 72241 at (4.5, 68.0, 1.5)
[09Dec2024 00:10:41.253] [Server thread/INFO] [net.minecraft.server.MinecraftServer/]: _GROZNY_ joined the game
[09Dec2024 00:10:41.262] [Server thread/INFO] [net.minecraft.server.MinecraftServer/]: _GROZNY_ has made the advancement [Souls like universe]
[09Dec2024 00:10:41.263] [Server thread/INFO] [Jade/]: Syncing config to _GROZNY_ (1feeb64e-4adf-36f3-a82f-adf19e39c8b3)
[09Dec2024 00:10:41.278] [Server thread/INFO] [net.minecraft.server.MinecraftServer/]: _GROZNY_ has made the advancement [Orcz Challenges]
[09Dec2024 00:10:41.278] [Server thread/INFO] [net.minecraft.server.MinecraftServer/]: _GROZNY_ has made the advancement [Ice and Fire]
[09Dec2024 00:11:03.982] [Server thread/INFO] [net.minecraft.server.MinecraftServer/]: ezekillah burned to death
[09Dec2024 00:11:09.117] [Server thread/INFO] [net.minecraft.server.MinecraftServer/]: [ezekillah: Teleported ezekillah to TRECETRECETRECE]
[09Dec2024 00:11:11.181] [Server thread/INFO] [net.minecraft.server.MinecraftServer/]: BlackSirius9304 has made the advancement [Stone Age]
[09Dec2024 00:11:11.184] [Server thread/INFO] [net.minecraft.server.MinecraftServer/]: BlackSirius9304 has made the advancement [Suit Up]
[09Dec2024 00:11:11.189] [Server thread/INFO] [net.minecraft.server.MinecraftServer/]: BlackSirius9304 has made the advancement [The Bender of the 15th Century]
[09Dec2024 00:11:11.196] [Server thread/INFO] [net.minecraft.server.MinecraftServer/]: BlackSirius9304 has completed the challenge [Dragon slayer armour hunter]
[09Dec2024 00:11:40.691] [Server thread/INFO] [net.minecraft.server.MinecraftServer/]: [ezekillah: Set own game mode to Creative Mode]
[09Dec2024 00:12:07.392] [Server thread/ERROR] [net.minecraftforge.fml.loading.RuntimeDistCleaner/DISTXFORM]: Attempted to load class com/mojang/blaze3d/vertex/PoseStack for invalid dist DEDICATED_SERVER
[09Dec2024 00:12:07.393] [Server thread/WARN] [Radium Class Analysis/]: Radium Class Analysis Error: Class net.mehvahdjukaar.supplementaries.common.block.blocks.CannonBlock cannot be analysed, because getting declared methods crashes with RuntimeException: Attempted to load class com/mojang/blaze3d/vertex/PoseStack for invalid dist DEDICATED_SERVER. This is usually caused by modded entities declaring methods that have a return type or parameter type that is annotated with @OnlyIn(Dist.CLIENT). Loading the type is not possible, because it only exists in the CLIENT environment. The recommended fix is to annotate the method with this argument or return type with the same annotation. Lithium handles this error by assuming the class cannot be included in some optimizations.
[09Dec2024 00:12:23.236] [Server thread/INFO] [cuffed/]: GralMarcosPerez is interacting!
[09Dec2024 00:12:56.442] [Server thread/INFO] [cuffed/]: ezekillah is interacting!
[09Dec2024 00:13:08.546] [Server thread/INFO] [net.minecraft.server.MinecraftServer/]: [TRECETRECETRECE: Teleported TRECETRECETRECE to _GROZNY_]
[09Dec2024 00:14:56.842] [Server thread/INFO] [net.minecraft.server.MinecraftServer/]: [TRECETRECETRECE: Teleported TRECETRECETRECE to ezekillah]
[09Dec2024 00:15:31.405] [Server thread/INFO] [net.minecraft.server.MinecraftServer/]: [GralMarcosPerez: Set own game mode to Creative Mode]
[09Dec2024 00:16:20.063] [Server thread/INFO] [net.minecraft.server.MinecraftServer/]: [TRECETRECETRECE: Made _GROZNY_ a server operator]
[09Dec2024 00:16:42.739] [Server thread/INFO] [net.minecraft.server.MinecraftServer/]: [_GROZNY_: Teleported _GROZNY_ to TRECETRECETRECE]
[09Dec2024 00:16:55.756] [Server thread/INFO] [cuffed/]: TRECETRECETRECE is interacting!
[09Dec2024 00:16:55.758] [Server thread/INFO] [cuffed/]: attempting to put restraints on _GROZNY_
[09Dec2024 00:17:04.958] [Server thread/INFO] [cuffed/]: ezekillah is interacting!
[09Dec2024 00:17:05.111] [Server thread/INFO] [cuffed/]: ezekillah is interacting!
[09Dec2024 00:17:05.139] [Server thread/INFO] [cuffed/]: TRECETRECETRECE is interacting!
[09Dec2024 00:17:05.309] [Server thread/INFO] [cuffed/]: ezekillah is interacting!
[09Dec2024 00:17:05.489] [Server thread/INFO] [cuffed/]: ezekillah is interacting!
[09Dec2024 00:17:05.642] [Server thread/INFO] [cuffed/]: ezekillah is interacting!
[09Dec2024 00:17:06.209] [Server thread/INFO] [cuffed/]: ezekillah is interacting!
[09Dec2024 00:17:07.510] [Server thread/INFO] [cuffed/]: ezekillah is interacting!
[09Dec2024 00:17:07.753] [Server thread/INFO] [cuffed/]: TRECETRECETRECE is interacting!
[09Dec2024 00:17:07.913] [Server thread/INFO] [cuffed/]: TRECETRECETRECE is interacting!
[09Dec2024 00:17:11.638] [Server thread/INFO] [cuffed/]: TRECETRECETRECE is interacting!
[09Dec2024 00:17:12.038] [Server thread/INFO] [cuffed/]: TRECETRECETRECE is interacting!
[09Dec2024 00:17:12.199] [Server thread/INFO] [cuffed/]: TRECETRECETRECE is interacting!
[09Dec2024 00:17:12.344] [Server thread/INFO] [cuffed/]: TRECETRECETRECE is interacting!
[09Dec2024 00:17:12.492] [Server thread/INFO] [cuffed/]: TRECETRECETRECE is interacting!
[09Dec2024 00:17:12.748] [Server thread/INFO] [cuffed/]: TRECETRECETRECE is interacting!
[09Dec2024 00:17:12.897] [Server thread/INFO] [cuffed/]: TRECETRECETRECE is interacting!
[09Dec2024 00:17:13.097] [Server thread/INFO] [cuffed/]: TRECETRECETRECE is interacting!
[09Dec2024 00:17:44.980] [Server thread/INFO] [net.minecraft.server.MinecraftServer/]: _GROZNY_ drowned
[09Dec2024 00:17:56.853] [Server thread/INFO] [net.minecraft.server.MinecraftServer/]: [_GROZNY_: Set own game mode to Creative Mode]
[09Dec2024 00:17:57.207] [Server thread/INFO] [cuffed/]: ezekillah is interacting!
[09Dec2024 00:18:16.835] [Server thread/INFO] [net.minecraft.server.MinecraftServer/]: TRECETRECETRECE has made the advancement [Stone Age]
[09Dec2024 00:18:16.837] [Server thread/INFO] [net.minecraft.server.MinecraftServer/]: TRECETRECETRECE has made the advancement [The Bender of the 15th Century]
[09Dec2024 00:18:56.497] [Server thread/INFO] [net.minecraft.server.MinecraftServer/]: [_GROZNY_: Teleported _GROZNY_ to TRECETRECETRECE]
[09Dec2024 00:19:37.459] [Server thread/INFO] [net.minecraft.server.MinecraftServer/]: [Not Secure] <BlackSirius9304> traspaso las hoja!!
[09Dec2024 00:20:28.645] [Server thread/INFO] [net.minecraft.server.MinecraftServer/]: BlackSirius9304 has reached the goal [Sky's the Limit]
[09Dec2024 00:20:34.801] [Server thread/INFO] [net.minecraft.server.MinecraftServer/]: [ezekillah: Teleported ezekillah to BlackSirius9304]
[09Dec2024 00:20:38.406] [Server thread/INFO] [net.minecraft.server.MinecraftServer/]: [_GROZNY_: Teleported _GROZNY_ to TRECETRECETRECE]
[09Dec2024 00:21:07.216] [Server thread/INFO] [cuffed/]: BlackSirius9304 is interacting!
[09Dec2024 00:22:20.888] [Server thread/INFO] [cuffed/]: GralMarcosPerez is interacting!
[09Dec2024 00:22:28.046] [Server thread/INFO] [cuffed/]: ezekillah is interacting!
[09Dec2024 00:22:28.256] [Server thread/INFO] [cuffed/]: ezekillah is interacting!
[09Dec2024 00:22:28.454] [Server thread/INFO] [cuffed/]: ezekillah is interacting!
[09Dec2024 00:22:29.005] [Server thread/INFO] [cuffed/]: ezekillah is interacting!
[09Dec2024 00:22:29.207] [Server thread/INFO] [cuffed/]: ezekillah is interacting!
[09Dec2024 00:22:51.866] [Server thread/INFO] [net.minecraft.server.MinecraftServer/]: [TRECETRECETRECE: Set the time to 18000]
[09Dec2024 00:22:58.103] [Server thread/INFO] [net.minecraft.server.MinecraftServer/]: [TRECETRECETRECE: Set the time to 6000]
[09Dec2024 00:23:10.017] [Server thread/INFO] [net.minecraft.server.MinecraftServer/]: [TRECETRECETRECE: Set the time to 26000]
[09Dec2024 00:23:15.395] [Server thread/INFO] [net.minecraft.server.MinecraftServer/]: [TRECETRECETRECE: Set the time to 2600]
[09Dec2024 00:23:21.569] [Server thread/INFO] [net.minecraft.server.MinecraftServer/]: [TRECETRECETRECE: Set the time to 3000]
[09Dec2024 00:23:24.291] [Server thread/INFO] [net.minecraft.server.MinecraftServer/]: [TRECETRECETRECE: Set the time to 30000]
[09Dec2024 00:23:26.108] [Server thread/WARN] [net.minecraft.server.network.ServerGamePacketListenerImpl/]: GralMarcosPerez moved too quickly! 9.072912511101094E-4,-216.0292108357831,3.02955283132178E-4
[09Dec2024 00:23:29.407] [Server thread/INFO] [net.minecraft.server.MinecraftServer/]: [TRECETRECETRECE: Set the time to 5000]
[09Dec2024 00:23:32.484] [Server thread/INFO] [net.minecraft.server.MinecraftServer/]: [TRECETRECETRECE: Set the time to 0]
[09Dec2024 00:23:37.128] [Server thread/WARN] [net.minecraft.server.network.ServerGamePacketListenerImpl/]: GralMarcosPerez moved too quickly! -9.619716967430463,3.750000149011612,-1.2942358480930807
[09Dec2024 00:23:38.143] [Server thread/INFO] [net.minecraft.server.MinecraftServer/]: [TRECETRECETRECE: Set the time to 10000]
[09Dec2024 00:23:45.461] [Server thread/INFO] [net.minecraft.server.MinecraftServer/]: [TRECETRECETRECE: Set the time to 20000]
[09Dec2024 00:23:50.015] [Server thread/INFO] [net.minecraft.server.MinecraftServer/]: [TRECETRECETRECE: Set the time to 15000]
[09Dec2024 00:23:55.838] [Server thread/INFO] [net.minecraft.server.MinecraftServer/]: [TRECETRECETRECE: Set the time to 10000]
[09Dec2024 00:24:01.087] [Server thread/INFO] [net.minecraft.server.MinecraftServer/]: [TRECETRECETRECE: Set the time to 12000]
[09Dec2024 00:24:02.106] [Server thread/WARN] [net.minecraft.server.network.ServerGamePacketListenerImpl/]: GralMarcosPerez moved too quickly! -8.184812706986122E-4,-20.0549169354976,5.275570573530786E-4
[09Dec2024 00:24:09.168] [Server thread/INFO] [net.minecraft.server.MinecraftServer/]: [TRECETRECETRECE: Teleported TRECETRECETRECE to _GROZNY_]
[09Dec2024 00:24:25.132] [Server thread/WARN] [net.minecraft.server.network.ServerGamePacketListenerImpl/]: GralMarcosPerez moved too quickly! -9.199675095032944E-4,-20.75821139577357,-3.2859994109912805E-4
[09Dec2024 00:24:52.413] [Server thread/WARN] [net.minecraft.server.network.ServerGamePacketListenerImpl/]: GralMarcosPerez moved too quickly! -7.141488637216753E-4,-20.75821139577357,-6.208449857467713E-4
[09Dec2024 00:24:59.438] [Server thread/WARN] [net.minecraft.server.network.ServerGamePacketListenerImpl/]: GralMarcosPerez moved too quickly! -8.980501443147659E-4,-20.13321141067354,5.6432560086250305E-5
[09Dec2024 00:25:20.894] [Server thread/INFO] [net.minecraft.server.MinecraftServer/]: [TRECETRECETRECE: Set the time to 12000]
[09Dec2024 00:25:39.432] [Server thread/INFO] [net.minecraft.server.MinecraftServer/]: [BlackSirius9304: Set own game mode to Mining]
[09Dec2024 00:26:40.662] [Server thread/INFO] [net.minecraft.server.MinecraftServer/]: [TRECETRECETRECE: Set the time to 12000]
[09Dec2024 00:27:22.684] [Server thread/INFO] [net.minecraft.server.MinecraftServer/]: [TRECETRECETRECE: Set own game mode to Survival Mode]
[09Dec2024 00:28:01.385] [Server thread/INFO] [net.minecraft.server.MinecraftServer/]: [TRECETRECETRECE: Set own game mode to Creative Mode]
[09Dec2024 00:28:16.028] [Server thread/INFO] [net.minecraft.server.MinecraftServer/]: ezekillah has made the advancement [Taste the Rainbow]
[09Dec2024 00:28:23.230] [Server thread/INFO] [com.teampotato.redirector.Redirector/]: Redirecting com/github/alexthe666/alexsmobs/item/ItemRainbowJelly$RainbowType
[09Dec2024 00:28:48.943] [Server thread/INFO] [net.minecraft.server.MinecraftServer/]: [ezekillah: Set own game mode to Survival Mode]
[09Dec2024 00:28:50.494] [Server thread/INFO] [net.minecraft.server.MinecraftServer/]: [TRECETRECETRECE: Set the time to 12000]
[09Dec2024 00:28:58.632] [Server thread/INFO] [net.minecraft.server.MinecraftServer/]: TRECETRECETRECE has made the advancement [Taste the Rainbow]
[09Dec2024 00:29:02.839] [Server thread/WARN] [net.minecraft.server.network.ServerGamePacketListenerImpl/]: GralMarcosPerez moved too quickly! 8.667418433105922E-5,-17.516555391526822,9.116060269889203E-4
[09Dec2024 00:29:29.864] [Server thread/WARN] [net.minecraft.server.network.ServerGamePacketListenerImpl/]: GralMarcosPerez moved too quickly! 2.908599612534772,-31.118136442333764,6.712907593549744
